<?xml version="1.0" encoding="UTF-8"?>
<!-- Generated by org.testng.reporters.JUnitReportReporter -->
<testsuite hostname="NLHQ3739748-MB.local" failures="0" tests="1" name="com.ss.testcases.TestCases" time="70.092" errors="0" timestamp="2023-09-20T11:58:30 CEST" skipped="0">
  <testcase classname="com.ss.testcases.TestCases" name="test_verify_cart_empty_msg" time="70.092"/>
  <system-out/>
</testsuite> <!-- com.ss.testcases.TestCases -->
